{"/Users/simon/WebstormProjects/how-jest-mocking-works/tracker.js": {"path":"/Users/simon/WebstormProjects/how-jest-mocking-works/tracker.js","statementMap":{"0":{"start":{"line":1,"column":15},"end":{"line":1,"column":17}},"1":{"start":{"line":2,"column":0},"end":{"line":2,"column":41}},"2":{"start":{"line":3,"column":0},"end":{"line":3,"column":30}}},"fnMap":{},"branchMap":{},"s":{"0":2,"1":2,"2":2},"f":{},"b":{},"_coverageSchema":"332fd63041d2c1bcb487cc26dd0d5f7d97098a6c","hash":"ad16cb0a1b8ad7ae9f84636ff663bacad91c279e"}
,"/Users/simon/WebstormProjects/how-jest-mocking-works/src/js/data.js": {"path":"/Users/simon/WebstormProjects/how-jest-mocking-works/src/js/data.js","statementMap":{"0":{"start":{"line":1,"column":14},"end":{"line":1,"column":40}},"1":{"start":{"line":2,"column":0},"end":{"line":2,"column":13}},"2":{"start":{"line":3,"column":0},"end":{"line":6,"column":1}}},"fnMap":{},"branchMap":{},"s":{"0":1,"1":1,"2":1},"f":{},"b":{},"_coverageSchema":"332fd63041d2c1bcb487cc26dd0d5f7d97098a6c","hash":"dc883046e576398ccfb94e9c347f3568fa30dfa3"}
,"/Users/simon/WebstormProjects/how-jest-mocking-works/src/ts/functions/SomeFunciton.ts": {"path":"/Users/simon/WebstormProjects/how-jest-mocking-works/src/ts/functions/SomeFunciton.ts","statementMap":{"0":{"start":{"line":1,"column":13},"end":{"line":1,"column":42}},"1":{"start":{"line":1,"column":42},"end":{"line":1,"column":55}},"2":{"start":{"line":2,"column":0},"end":{"line":2,"column":62}},"3":{"start":{"line":7,"column":4},"end":{"line":7,"column":17}},"4":{"start":{"line":9,"column":0},"end":{"line":9,"column":31}}},"fnMap":{"0":{"name":"someFunction","decl":{"start":{"line":6,"column":9},"end":{"line":6,"column":21}},"loc":{"start":{"line":6,"column":29},"end":{"line":8,"column":1}}}},"branchMap":{},"s":{"0":1,"1":1,"2":1,"3":0,"4":1},"f":{"0":0},"b":{},"inputSourceMap":{"version":3,"file":"SomeFunciton.js","sourceRoot":"","sources":["SomeFunciton.ts"],"names":[],"mappings":";;AAAA;;GAEG;AACH,sBAAsB,KAAa;IACjC,MAAM,CAAC,KAAK,CAAA,CAAE,eAAe;AAC/B,CAAC;AAED,kBAAe,YAAY,CAAA","sourcesContent":["/**\n * Created by simon on 2017/3/1.\n */\nfunction someFunction(value: string): string {\n  return value  // return param\n}\n\nexport default someFunction\n"]},"_coverageSchema":"332fd63041d2c1bcb487cc26dd0d5f7d97098a6c","hash":"900a830e4fa16e1c765d4d8f522e00f7b63804c7"}
}
